<?xml version="1.0" encoding="UTF-8"?>
<coverage generated="1730051663166" clover="3.2.0">
  <project timestamp="1730051663166" name="All files">
    <metrics statements="28" coveredstatements="27" conditionals="13" coveredconditionals="12" methods="5" coveredmethods="5" elements="46" coveredelements="44" complexity="0" loc="28" ncloc="28" packages="1" files="1" classes="1"/>
    <file name="QuizLogic.js" path="/home/khetha/Downloads/SA-Quiz/SA-Quiz/QuizLogic.js">
      <metrics statements="28" coveredstatements="27" conditionals="13" coveredconditionals="12" methods="5" coveredmethods="5"/>
      <line num="1" count="1" type="stmt"/>
      <line num="64" count="1" type="stmt"/>
      <line num="65" count="1" type="stmt"/>
      <line num="66" count="1" type="stmt"/>
      <line num="70" count="12" type="stmt"/>
      <line num="74" count="3" type="stmt"/>
      <line num="75" count="10" type="cond" truecount="1" falsecount="1"/>
      <line num="76" count="0" type="stmt"/>
      <line num="78" count="10" type="cond" truecount="2" falsecount="0"/>
      <line num="79" count="6" type="stmt"/>
      <line num="86" count="12" type="cond" truecount="2" falsecount="0"/>
      <line num="87" count="10" type="stmt"/>
      <line num="88" count="10" type="stmt"/>
      <line num="89" count="40" type="cond" truecount="2" falsecount="0"/>
      <line num="90" count="5" type="stmt"/>
      <line num="93" count="5" type="stmt"/>
      <line num="98" count="2" type="stmt"/>
      <line num="99" count="4" type="stmt"/>
      <line num="100" count="4" type="stmt"/>
      <line num="105" count="3" type="stmt"/>
      <line num="106" count="3" type="cond" truecount="2" falsecount="0"/>
      <line num="107" count="1" type="stmt"/>
      <line num="109" count="2" type="stmt"/>
      <line num="110" count="2" type="cond" truecount="3" falsecount="0"/>
      <line num="111" count="2" type="stmt"/>
      <line num="112" count="2" type="stmt"/>
      <line num="113" count="2" type="stmt"/>
      <line num="115" count="2" type="stmt"/>
    </file>
  </project>
</coverage>
