<?xml version="1.0" encoding="UTF-8"?>
<coverage generated="1730095029316" clover="3.2.0">
  <project timestamp="1730095029316" name="All files">
    <metrics statements="33" coveredstatements="33" conditionals="15" coveredconditionals="14" methods="6" coveredmethods="6" elements="54" coveredelements="53" complexity="0" loc="33" ncloc="33" packages="1" files="1" classes="1"/>
    <file name="QuizLogic.js" path="/Users/dam121/SA-Quiz/QuizLogic.js">
      <metrics statements="33" coveredstatements="33" conditionals="15" coveredconditionals="14" methods="6" coveredmethods="6"/>
      <line num="1" count="1" type="stmt"/>
      <line num="64" count="1" type="stmt"/>
      <line num="65" count="1" type="stmt"/>
      <line num="66" count="1" type="stmt"/>
      <line num="71" count="27" type="stmt"/>
      <line num="76" count="3" type="stmt"/>
      <line num="77" count="10" type="cond" truecount="1" falsecount="1"/>
      <line num="78" count="10" type="cond" truecount="2" falsecount="0"/>
      <line num="79" count="6" type="stmt"/>
      <line num="88" count="12" type="cond" truecount="2" falsecount="0"/>
      <line num="89" count="10" type="stmt"/>
      <line num="90" count="10" type="stmt"/>
      <line num="91" count="40" type="cond" truecount="2" falsecount="0"/>
      <line num="92" count="5" type="stmt"/>
      <line num="95" count="5" type="stmt"/>
      <line num="100" count="2" type="stmt"/>
      <line num="101" count="4" type="stmt"/>
      <line num="102" count="4" type="stmt"/>
      <line num="108" count="3" type="stmt"/>
      <line num="109" count="3" type="cond" truecount="2" falsecount="0"/>
      <line num="110" count="1" type="stmt"/>
      <line num="112" count="2" type="stmt"/>
      <line num="113" count="2" type="cond" truecount="3" falsecount="0"/>
      <line num="114" count="2" type="stmt"/>
      <line num="115" count="2" type="stmt"/>
      <line num="116" count="2" type="stmt"/>
      <line num="118" count="2" type="stmt"/>
      <line num="122" count="4" type="stmt"/>
      <line num="124" count="4" type="cond" truecount="2" falsecount="0"/>
      <line num="125" count="2" type="stmt"/>
      <line num="126" count="2" type="stmt"/>
      <line num="128" count="2" type="stmt"/>
      <line num="129" count="2" type="stmt"/>
    </file>
  </project>
</coverage>
