{"/home/khetha/Downloads/SA-Quiz/SA-Quiz/QuizLogic.js": {"path":"/home/khetha/Downloads/SA-Quiz/SA-Quiz/QuizLogic.js","statementMap":{"0":{"start":{"line":1,"column":22},"end":{"line":62,"column":1}},"1":{"start":{"line":64,"column":16},"end":{"line":64,"column":44}},"2":{"start":{"line":65,"column":16},"end":{"line":65,"column":18}},"3":{"start":{"line":66,"column":12},"end":{"line":66,"column":13}},"4":{"start":{"line":70,"column":2},"end":{"line":70,"column":12}},"5":{"start":{"line":74,"column":4},"end":{"line":81,"column":3}},"6":{"start":{"line":74,"column":17},"end":{"line":74,"column":18}},"7":{"start":{"line":75,"column":4},"end":{"line":77,"column":5}},"8":{"start":{"line":76,"column":6},"end":{"line":76,"column":15}},"9":{"start":{"line":78,"column":4},"end":{"line":80,"column":5}},"10":{"start":{"line":79,"column":6},"end":{"line":79,"column":14}},"11":{"start":{"line":86,"column":2},"end":{"line":94,"column":3}},"12":{"start":{"line":87,"column":23},"end":{"line":87,"column":41}},"13":{"start":{"line":88,"column":4},"end":{"line":92,"column":5}},"14":{"start":{"line":88,"column":17},"end":{"line":88,"column":18}},"15":{"start":{"line":89,"column":6},"end":{"line":91,"column":7}},"16":{"start":{"line":90,"column":8},"end":{"line":90,"column":21}},"17":{"start":{"line":93,"column":4},"end":{"line":93,"column":16}},"18":{"start":{"line":98,"column":2},"end":{"line":101,"column":3}},"19":{"start":{"line":98,"column":15},"end":{"line":98,"column":29}},"20":{"start":{"line":99,"column":14},"end":{"line":99,"column":49}},"21":{"start":{"line":100,"column":4},"end":{"line":100,"column":40}},"22":{"start":{"line":105,"column":15},"end":{"line":105,"column":48}},"23":{"start":{"line":106,"column":4},"end":{"line":108,"column":5}},"24":{"start":{"line":107,"column":6},"end":{"line":107,"column":13}},"25":{"start":{"line":109,"column":16},"end":{"line":109,"column":34}},"26":{"start":{"line":110,"column":4},"end":{"line":114,"column":5}},"27":{"start":{"line":111,"column":6},"end":{"line":111,"column":42}},"28":{"start":{"line":112,"column":6},"end":{"line":112,"column":47}},"29":{"start":{"line":113,"column":6},"end":{"line":113,"column":33}},"30":{"start":{"line":115,"column":4},"end":{"line":115,"column":16}}},"fnMap":{"0":{"name":"resetScore","decl":{"start":{"line":69,"column":9},"end":{"line":69,"column":19}},"loc":{"start":{"line":69,"column":22},"end":{"line":71,"column":1}},"line":69},"1":{"name":"checkAnswers","decl":{"start":{"line":73,"column":9},"end":{"line":73,"column":21}},"loc":{"start":{"line":73,"column":24},"end":{"line":82,"column":1}},"line":73},"2":{"name":"validateName","decl":{"start":{"line":85,"column":9},"end":{"line":85,"column":21}},"loc":{"start":{"line":85,"column":28},"end":{"line":95,"column":1}},"line":85},"3":{"name":"shuffleArray","decl":{"start":{"line":97,"column":9},"end":{"line":97,"column":21}},"loc":{"start":{"line":97,"column":27},"end":{"line":102,"column":1}},"line":97},"4":{"name":"namePrompt","decl":{"start":{"line":104,"column":9},"end":{"line":104,"column":19}},"loc":{"start":{"line":104,"column":22},"end":{"line":116,"column":1}},"line":104}},"branchMap":{"0":{"loc":{"start":{"line":75,"column":4},"end":{"line":77,"column":5}},"type":"if","locations":[{"start":{"line":75,"column":4},"end":{"line":77,"column":5}},{"start":{},"end":{}}],"line":75},"1":{"loc":{"start":{"line":78,"column":4},"end":{"line":80,"column":5}},"type":"if","locations":[{"start":{"line":78,"column":4},"end":{"line":80,"column":5}},{"start":{},"end":{}}],"line":78},"2":{"loc":{"start":{"line":86,"column":2},"end":{"line":94,"column":3}},"type":"if","locations":[{"start":{"line":86,"column":2},"end":{"line":94,"column":3}},{"start":{},"end":{}}],"line":86},"3":{"loc":{"start":{"line":89,"column":6},"end":{"line":91,"column":7}},"type":"if","locations":[{"start":{"line":89,"column":6},"end":{"line":91,"column":7}},{"start":{},"end":{}}],"line":89},"4":{"loc":{"start":{"line":106,"column":4},"end":{"line":108,"column":5}},"type":"if","locations":[{"start":{"line":106,"column":4},"end":{"line":108,"column":5}},{"start":{},"end":{}}],"line":106},"5":{"loc":{"start":{"line":110,"column":11},"end":{"line":110,"column":61}},"type":"binary-expr","locations":[{"start":{"line":110,"column":11},"end":{"line":110,"column":29}},{"start":{"line":110,"column":33},"end":{"line":110,"column":51}},{"start":{"line":110,"column":55},"end":{"line":110,"column":61}}],"line":110}},"s":{"0":1,"1":1,"2":1,"3":1,"4":12,"5":3,"6":3,"7":10,"8":0,"9":10,"10":6,"11":12,"12":10,"13":10,"14":10,"15":40,"16":5,"17":5,"18":2,"19":2,"20":4,"21":4,"22":3,"23":3,"24":1,"25":2,"26":2,"27":2,"28":2,"29":2,"30":2},"f":{"0":12,"1":3,"2":12,"3":2,"4":3},"b":{"0":[0,10],"1":[6,4],"2":[10,2],"3":[5,35],"4":[1,2],"5":[4,4,4]},"_coverageSchema":"1a1c01bbd47fc00a2c39e90264f33305004495a9","hash":"09186b959eee60c243c80298554113b6974a2617"}
}
