{"/Users/dam121/SA-Quiz/QuizLogic.js": {"path":"/Users/dam121/SA-Quiz/QuizLogic.js","statementMap":{"0":{"start":{"line":1,"column":22},"end":{"line":62,"column":1}},"1":{"start":{"line":64,"column":16},"end":{"line":64,"column":44}},"2":{"start":{"line":65,"column":16},"end":{"line":65,"column":18}},"3":{"start":{"line":66,"column":12},"end":{"line":66,"column":13}},"4":{"start":{"line":71,"column":2},"end":{"line":71,"column":12}},"5":{"start":{"line":76,"column":2},"end":{"line":83,"column":3}},"6":{"start":{"line":76,"column":15},"end":{"line":76,"column":16}},"7":{"start":{"line":77,"column":4},"end":{"line":81,"column":5}},"8":{"start":{"line":78,"column":6},"end":{"line":80,"column":7}},"9":{"start":{"line":79,"column":8},"end":{"line":79,"column":16}},"10":{"start":{"line":88,"column":2},"end":{"line":96,"column":3}},"11":{"start":{"line":89,"column":23},"end":{"line":89,"column":41}},"12":{"start":{"line":90,"column":4},"end":{"line":94,"column":5}},"13":{"start":{"line":90,"column":17},"end":{"line":90,"column":18}},"14":{"start":{"line":91,"column":6},"end":{"line":93,"column":7}},"15":{"start":{"line":92,"column":8},"end":{"line":92,"column":21}},"16":{"start":{"line":95,"column":4},"end":{"line":95,"column":16}},"17":{"start":{"line":100,"column":2},"end":{"line":103,"column":3}},"18":{"start":{"line":100,"column":15},"end":{"line":100,"column":29}},"19":{"start":{"line":101,"column":14},"end":{"line":101,"column":49}},"20":{"start":{"line":102,"column":4},"end":{"line":102,"column":40}},"21":{"start":{"line":108,"column":15},"end":{"line":108,"column":48}},"22":{"start":{"line":109,"column":4},"end":{"line":111,"column":5}},"23":{"start":{"line":110,"column":6},"end":{"line":110,"column":13}},"24":{"start":{"line":112,"column":16},"end":{"line":112,"column":34}},"25":{"start":{"line":113,"column":4},"end":{"line":117,"column":5}},"26":{"start":{"line":114,"column":6},"end":{"line":114,"column":42}},"27":{"start":{"line":115,"column":6},"end":{"line":115,"column":47}},"28":{"start":{"line":116,"column":6},"end":{"line":116,"column":33}},"29":{"start":{"line":118,"column":4},"end":{"line":118,"column":16}},"30":{"start":{"line":122,"column":23},"end":{"line":122,"column":38}},"31":{"start":{"line":124,"column":2},"end":{"line":130,"column":3}},"32":{"start":{"line":125,"column":4},"end":{"line":125,"column":43}},"33":{"start":{"line":126,"column":4},"end":{"line":126,"column":16}},"34":{"start":{"line":128,"column":4},"end":{"line":128,"column":43}},"35":{"start":{"line":129,"column":4},"end":{"line":129,"column":17}}},"fnMap":{"0":{"name":"resetScore","decl":{"start":{"line":70,"column":9},"end":{"line":70,"column":19}},"loc":{"start":{"line":70,"column":22},"end":{"line":72,"column":1}},"line":70},"1":{"name":"checkAnswers","decl":{"start":{"line":74,"column":9},"end":{"line":74,"column":21}},"loc":{"start":{"line":74,"column":24},"end":{"line":84,"column":1}},"line":74},"2":{"name":"validateName","decl":{"start":{"line":87,"column":9},"end":{"line":87,"column":21}},"loc":{"start":{"line":87,"column":28},"end":{"line":97,"column":1}},"line":87},"3":{"name":"shuffleArray","decl":{"start":{"line":99,"column":9},"end":{"line":99,"column":21}},"loc":{"start":{"line":99,"column":27},"end":{"line":105,"column":1}},"line":99},"4":{"name":"namePrompt","decl":{"start":{"line":107,"column":9},"end":{"line":107,"column":19}},"loc":{"start":{"line":107,"column":22},"end":{"line":119,"column":1}},"line":107},"5":{"name":"AddToAnswers","decl":{"start":{"line":121,"column":9},"end":{"line":121,"column":21}},"loc":{"start":{"line":121,"column":54},"end":{"line":131,"column":1}},"line":121}},"branchMap":{"0":{"loc":{"start":{"line":77,"column":4},"end":{"line":81,"column":5}},"type":"if","locations":[{"start":{"line":77,"column":4},"end":{"line":81,"column":5}},{"start":{},"end":{}}],"line":77},"1":{"loc":{"start":{"line":78,"column":6},"end":{"line":80,"column":7}},"type":"if","locations":[{"start":{"line":78,"column":6},"end":{"line":80,"column":7}},{"start":{},"end":{}}],"line":78},"2":{"loc":{"start":{"line":88,"column":2},"end":{"line":96,"column":3}},"type":"if","locations":[{"start":{"line":88,"column":2},"end":{"line":96,"column":3}},{"start":{},"end":{}}],"line":88},"3":{"loc":{"start":{"line":91,"column":6},"end":{"line":93,"column":7}},"type":"if","locations":[{"start":{"line":91,"column":6},"end":{"line":93,"column":7}},{"start":{},"end":{}}],"line":91},"4":{"loc":{"start":{"line":109,"column":4},"end":{"line":111,"column":5}},"type":"if","locations":[{"start":{"line":109,"column":4},"end":{"line":111,"column":5}},{"start":{},"end":{}}],"line":109},"5":{"loc":{"start":{"line":113,"column":11},"end":{"line":113,"column":61}},"type":"binary-expr","locations":[{"start":{"line":113,"column":11},"end":{"line":113,"column":29}},{"start":{"line":113,"column":33},"end":{"line":113,"column":51}},{"start":{"line":113,"column":55},"end":{"line":113,"column":61}}],"line":113},"6":{"loc":{"start":{"line":124,"column":2},"end":{"line":130,"column":3}},"type":"if","locations":[{"start":{"line":124,"column":2},"end":{"line":130,"column":3}},{"start":{"line":127,"column":9},"end":{"line":130,"column":3}}],"line":124}},"s":{"0":1,"1":1,"2":1,"3":1,"4":27,"5":3,"6":3,"7":10,"8":10,"9":6,"10":12,"11":10,"12":10,"13":10,"14":40,"15":5,"16":5,"17":2,"18":2,"19":4,"20":4,"21":3,"22":3,"23":1,"24":2,"25":2,"26":2,"27":2,"28":2,"29":2,"30":4,"31":4,"32":2,"33":2,"34":2,"35":2},"f":{"0":27,"1":3,"2":12,"3":2,"4":3,"5":4},"b":{"0":[10,0],"1":[6,4],"2":[10,2],"3":[5,35],"4":[1,2],"5":[4,4,4],"6":[2,2]},"_coverageSchema":"1a1c01bbd47fc00a2c39e90264f33305004495a9","hash":"183dd539d42f5f484a224e6446cd04cf3ac56b35"}
}
