TN:
SF:QuizLogic.js
FN:70,resetScore
FN:74,checkAnswers
FN:87,validateName
FN:99,shuffleArray
FN:107,namePrompt
FN:121,AddToAnswers
FNF:6
FNH:6
FNDA:27,resetScore
FNDA:3,checkAnswers
FNDA:12,validateName
FNDA:2,shuffleArray
FNDA:3,namePrompt
FNDA:4,AddToAnswers
DA:1,1
DA:64,1
DA:65,1
DA:66,1
DA:71,27
DA:76,3
DA:77,10
DA:78,10
DA:79,6
DA:88,12
DA:89,10
DA:90,10
DA:91,40
DA:92,5
DA:95,5
DA:100,2
DA:101,4
DA:102,4
DA:108,3
DA:109,3
DA:110,1
DA:112,2
DA:113,2
DA:114,2
DA:115,2
DA:116,2
DA:118,2
DA:122,4
DA:124,4
DA:125,2
DA:126,2
DA:128,2
DA:129,2
LF:33
LH:33
BRDA:77,0,0,10
BRDA:77,0,1,0
BRDA:78,1,0,6
BRDA:78,1,1,4
BRDA:88,2,0,10
BRDA:88,2,1,2
BRDA:91,3,0,5
BRDA:91,3,1,35
BRDA:109,4,0,1
BRDA:109,4,1,2
BRDA:113,5,0,4
BRDA:113,5,1,4
BRDA:113,5,2,4
BRDA:124,6,0,2
BRDA:124,6,1,2
BRF:15
BRH:14
end_of_record
