TN:
SF:QuizLogic.js
FN:69,resetScore
FN:73,checkAnswers
FN:85,validateName
FN:97,shuffleArray
FN:104,namePrompt
FNF:5
FNH:5
FNDA:12,resetScore
FNDA:3,checkAnswers
FNDA:12,validateName
FNDA:2,shuffleArray
FNDA:3,namePrompt
DA:1,1
DA:64,1
DA:65,1
DA:66,1
DA:70,12
DA:74,3
DA:75,10
DA:76,0
DA:78,10
DA:79,6
DA:86,12
DA:87,10
DA:88,10
DA:89,40
DA:90,5
DA:93,5
DA:98,2
DA:99,4
DA:100,4
DA:105,3
DA:106,3
DA:107,1
DA:109,2
DA:110,2
DA:111,2
DA:112,2
DA:113,2
DA:115,2
LF:28
LH:27
BRDA:75,0,0,0
BRDA:75,0,1,10
BRDA:78,1,0,6
BRDA:78,1,1,4
BRDA:86,2,0,10
BRDA:86,2,1,2
BRDA:89,3,0,5
BRDA:89,3,1,35
BRDA:106,4,0,1
BRDA:106,4,1,2
BRDA:110,5,0,4
BRDA:110,5,1,4
BRDA:110,5,2,4
BRF:13
BRH:12
end_of_record
